1568602391086:t
1568602405573:a m
1568602522490:q tr
1568602544056:q tr 1
1568602555824:a
1568602558360:a c
1568602563698:a ls
1568602641302:a m 7e9b8b4c80309b1744a9cb5eb91838dd0a42b781841a08b4b297fbfcc5271167 1000
1568602658373:a ls
1568602706540:a m 7e9b8b4c80309b1744a9cb5eb91838dd0a42b781841a08b4b297fbfcc5271167 1000
1568602814591:a ls
1568602818482:a c
1568602827855:a ls
1568603584123:q b 8eabafd0f9e285e0dc93130844b296bd77f513eeee5cc3fd08bad4f5ce1253eb
1568603690179:q s 8eabafd0f9e285e0dc93130844b296bd77f513eeee5cc3fd08bad4f5ce1253eb
1568603737627:t  8eabafd0f9e285e0dc93130844b296bd77f513eeee5cc3fd08bad4f5ce1253eb6283b452c3451a7b53f394d84085d467b98a9dc7103e584f554c4fe4c3dca418 10
1568603761258:t 8eabafd0f9e285e0dc93130844b296bd77f513eeee5cc3fd08bad4f5ce1253eb 6283b452c3451a7b53f394d84085d467b98a9dc7103e584f554c4fe4c3dca418 100
1568603905286:t 8eabafd0f9e285e0dc93130844b296bd77f513eeee5cc3fd08bad4f5ce1253eb 6283b452c3451a7b53f394d84085d467b98a9dc7103e584f554c4fe4c3dca418 10
1568604105376:a c
1568604113388:a m c0c24e06bc73f2615d74b33e6b1a4f39ed61e08e4982879d9fef2504d890ac55
1568604119452:a m c0c24e06bc73f2615d74b33e6b1a4f39ed61e08e4982879d9fef2504d890ac55 10000
1568604134961:t c0c24e06bc73f2615d74b33e6b1a4f39ed61e08e4982879d9fef2504d890ac55 6283b452c3451a7b53f394d84085d467b98a9dc7103e584f554c4fe4c3dca418 100
1568604201121:q as 6283b452c3451a7b53f394d84085d467b98a9dc7103e584f554c4fe4c3dca418
1568604216147:q s c0c24e06bc73f2615d74b33e6b1a4f39ed61e08e4982879d9fef2504d890ac55
1568604225780:q ts c0c24e06bc73f2615d74b33e6b1a4f39ed61e08e4982879d9fef2504d890ac55 0
1568604263948:t c0c24e06bc73f2615d74b33e6b1a4f39ed61e08e4982879d9fef2504d890ac55 6283b452c3451a7b53f394d84085d467b98a9dc7103e584f554c4fe4c3dca418 10
1568604295654:6283b452c3451a7b53f394d84085d467b98a9dc7103e584f554c4fe4c3dca418
1568604302285:t 0 6283b452c3451a7b53f394d84085d467b98a9dc7103e584f554c4fe4c3dca418 10
1568974904392:q as 0592b9da7ad5055ccdc8f2fd2fba8cfbb73d01d2db8dcd03bb6104ab66bfa8f5
1568975011642:a c
1568975019545:a m 673e0b7317ba17c3669ea75b4fcaa49273f6ced8eb8a71d916353c7cabaf24fa
1568975035988:a m 673e0b7317ba17c3669ea75b4fcaa49273f6ced8eb8a71d916353c7cabaf24fa 100
1568975452962:a c
1568975551381:q b 6dc6df5f1330d485ca469c486b41cebf7e2c201078ce1f19a253b58dc9e00b79
1568975588303:t 6dc6df5f1330d485ca469c486b41cebf7e2c201078ce1f19a253b58dc9e00b79 0592b9da7ad5055ccdc8f2fd2fba8cfbb73d01d2db8dcd03bb6104ab66bfa8f5 1
1568975635574:q as 6dc6df5f1330d485ca469c486b41cebf7e2c201078ce1f19a253b58dc9e00b79
1568975677375:t 0 0592b9da7ad5055ccdc8f2fd2fba8cfbb73d01d2db8dcd03bb6104ab66bfa8f5 1
1568975697629:q as 6dc6df5f1330d485ca469c486b41cebf7e2c201078ce1f19a253b58dc9e00b79
1568975739963:tb 0 0592b9da7ad5055ccdc8f2fd2fba8cfbb73d01d2db8dcd03bb6104ab66bfa8f5 1
1568975746284:q as 6dc6df5f1330d485ca469c486b41cebf7e2c201078ce1f19a253b58dc9e00b79
1568975765441:tb 0 0592b9da7ad5055ccdc8f2fd2fba8cfbb73d01d2db8dcd03bb6104ab66bfa8f5 1
1568975771200:q as 6dc6df5f1330d485ca469c486b41cebf7e2c201078ce1f19a253b58dc9e00b79
1568975797563:a c
1568975811787:q b 7ae8dbbe8031f17647204711d780d96e4f364da36d915a371d9bb2894cabf917
1568975817980:q b 0
1568975851230:tb 0 0592b9da7ad5055ccdc8f2fd2fba8cfbb73d01d2db8dcd03bb6104ab66bfa8f5 0.5
1568975870386:tb 0 0592b9da7ad5055ccdc8f2fd2fba8cfbb73d01d2db8dcd03bb6104ab66bfa8f5  1
1568976030874:t 0 0592b9da7ad5055ccdc8f2fd2fba8cfbb73d01d2db8dcd03bb6104ab66bfa8f5 1
1568976051722:q b 0
1568976066085:q b 7ae8dbbe8031f17647204711d780d96e4f364da36d915a371d9bb2894cabf917
1568976094465:a c
1568976110546:q s 0
1568976123080:q s df64f1aee0a71915dfc642bd5e8a83c5f9bc6a2cef61173651b9161a32ea3f27
1568976151841:a c
1568976175259:q b 0
1568976186121:q b as
1568976189969:q as
1568976194161:q as 0
1568976209776:t 0 0592b9da7ad5055ccdc8f2fd2fba8cfbb73d01d2db8dcd03bb6104ab66bfa8f5 1
1568976369783:t 0 0592b9da7ad5055ccdc8f2fd2fba8cfbb73d01d2db8dcd03bb6104ab66bfa8f5 100
1568976409363:q as 0
1568976423092:t 0 eeda053ff7fa2b84e552d7dd737a0559492954b62d06d501555890325c158433 1000
1568976482754:config
1568976509793:a ls
1568978132313:q ts 0 1
1568978139296:q ts 0
1568978143336:q ts 2
